<?xml version="1.0" encoding="UTF-8"?>
<testsuite name="GroupCreationTests" tests="1" skipped="0" failures="0" errors="0" timestamp="2022-10-08T21:41:59" hostname="MacBook-Air-Aleksandra.local" time="3.427">
  <properties/>
  <testcase name="testGroupCreation" classname="GroupCreationTests" time="3.427"/>
  <system-out><![CDATA[]]></system-out>
  <system-err><![CDATA[Starting ChromeDriver 106.0.5249.61 (511755355844955cd3e264779baf0dd38212a4d0-refs/branch-heads/5249@{#569}) on port 56061
Only local connections are allowed.
Please see https://chromedriver.chromium.org/security-considerations for suggestions on keeping ChromeDriver safe.
ChromeDriver was started successfully.
Oct 09, 2022 12:41:59 AM org.openqa.selenium.remote.ProtocolHandshake createSession
INFO: Detected upstream dialect: W3C
Oct 09, 2022 12:41:59 AM org.openqa.selenium.devtools.CdpVersionFinder findNearestMatch
INFO: Found exact CDP implementation for version 106
]]></system-err>
</testsuite>
